#REPORT users
FORM;210;297;735
#SCRIPT
aUsers := aResult[3], iLine := 1
#ENDSCRIPT
TEXT;MySQL Database Users;164;60;421;27;2;Courier New,0,-20,700,204,0,0,0;0
MARKER;PH;-16;136;16;10;0
BOX;149;141;162;40;0,1,0
BOX;310;141;299;40;0,1,0
TEXT;Host;189;151;86;20;2;Courier New,0,-17,400,204,255,0,0;0
TEXT;User;416;151;106;20;2;Courier New,0,-17,400,204,255,0,0;0
MARKER;SL;-16;185;16;10;0
TEXT;aUsers[iLine,1];163;191;138;20;0;Courier New,0,-17,400,204,0,0,0;1
TEXT;aUsers[iLine,2];334;191;262;20;0;Courier New,0,-17,400,204,0,0,0;1
MARKER;EL;-16;214;16;10;0
#SCRIPT
iLine++
lLastCycle := (iLine>Len(aUsers))
#ENDSCRIPT
MARKER;PF;-16;994;16;10;0
HLINE;78;1002;572;4;0,1,0
MARKER;EPF;-16;1010;16;10;0
#ENDREP 
