#REPORT aa
FORM;210;297;735
#SCRIPT
nStroka := 1
#ENDSCRIPT
TEXT;Sample report - first 100 records of test.dbf;132;41;513;27;2;Arial,0,-18,700,204,0,0,0;0
TEXT;2001;320;81;89;20;2;Arial,0,-18,700,204,0,0,0;0
HLINE;182;106;408;6;0,1,0
MARKER;PH;-16;134;16;10;0
BITMAP;..\..\Image\logo.bmp;35;151;68;61
BOX;110;174;60;40;0,1,0
BOX;168;174;200;40;0,1,0
BOX;366;174;200;40;0,1,0
BOX;564;174;60;40;0,1,0
TEXT;Last name;424;183;103;20;2;Arial,0,-13,400,204,0,0,0;0
TEXT;Nn;123;184;33;20;2;Arial,0,-13,0,0,0,0,0;0
TEXT;First name;229;184;93;20;2;Arial,0,-13,400,204,0,0,0;0
TEXT;Age;578;184;37;20;2;Arial,0,-13,400,204,0,0,0;0
MARKER;SL;-16;218;16;10;0
#SCRIPT
use test
go top
#ENDSCRIPT
BOX;110;218;60;26;0,1,0
BOX;168;218;200;26;0,1,0
BOX;366;218;201;26;0,1,0
BOX;565;218;59;26;0,1,0
TEXT;Str(nStroka,2);119;220;40;17;0;Arial,0,-13,0,0,0,0,0;1
TEXT;First;179;220;182;17;0;Arial,0,-13,400,204,0,0,0;1
TEXT;Last;381;220;176;17;0;Arial,0,-13,400,204,0,0,0;1
TEXT;Str(Age,2);578;220;36;16;0;Arial,0,-13,400,204,0,0,0;1
MARKER;EL;-16;243;16;10;0
#SCRIPT
skip
nStroka++
lLastCycle := (Recno()>=100)
#ENDSCRIPT
MARKER;PF;-16;861;16;10;0
HLINE;46;867;661;6;0,1,0
MARKER;EPF;-16;875;16;10;0
MARKER;DF;-16;899;16;10;0
HLINE;459;924;238;6;0,1,0
TEXT;End of report;522;932;160;20;0;Arial,0,-13,400,204,0,0,0;0
#ENDREP 

